[2019-08-17 12:00:51] sessiones.NOTICE: Session finalizada:: METODO:: {POST}{ URL:: http://localhost:8080/acceso/logout}{ PROTOCOLO:: 1.1 } {"Usuario":"root"} []
[2019-08-17 12:01:00] Session.INFO: Session iniciada {"usuario":"root"} []
[2019-08-17 12:03:22] sessiones.NOTICE: Session finalizada:: METODO:: {POST}{ URL:: http://localhost:8080/acceso/logout}{ PROTOCOLO:: 1.1 } {"Usuario":"root"} []
[2019-08-17 12:04:13] Session.INFO: Session iniciada {"usuario":"root"} []
[2019-08-17 12:11:42] sessiones.NOTICE: Session finalizada:: METODO:: {POST}{ URL:: http://localhost:8080/acceso/logout}{ PROTOCOLO:: 1.1 } {"Usuario":"root"} []
[2019-08-17 12:17:41] Session.INFO: Session iniciada {"usuario":"root"} []
[2019-08-17 12:17:44] sessiones.NOTICE: Session finalizada:: METODO:: {POST}{ URL:: http://localhost:8080/acceso/logout}{ PROTOCOLO:: 1.1 } {"Usuario":"root"} []
[2019-08-17 12:35:18] Session.INFO: Session iniciada {"usuario":"root"} []
[2019-08-17 12:35:20] sessiones.NOTICE: Session finalizada {"Usuario":"root"} []
[2019-08-17 12:37:19] Session.INFO: Session iniciada {"usuario":"root"} []
[2019-08-17 12:37:30] sessiones.NOTICE: Session finalizada {"Usuario":"root"} []
[2019-08-17 12:43:36] Session.INFO: Session iniciada {"usuario":"root"} []
[2019-08-17 12:46:00] sessiones.NOTICE: Session finalizada {"Usuario":"root"} []
[2019-08-17 15:00:32] Session.INFO: Session iniciada {"usuario":"root"} []
[2019-08-17 15:00:34] sessiones.NOTICE: Session finalizada {"Usuario":"root"} []
[2019-08-17 15:47:13] Registro.NOTICE: Usuario dado de alta {"Usuario":"tester"} []
[2019-08-17 15:49:23] Session.INFO: Session iniciada {"usuario":"tester"} []
[2019-08-17 16:00:20] sessiones.NOTICE: Session finalizada {"Usuario":"tester"} []
[2019-08-17 16:34:21] Session.INFO: Session iniciada {"usuario":"root"} []
[2019-08-17 16:34:25] sessiones.NOTICE: Session finalizada {"Usuario":"root"} []
[2019-08-17 16:40:56] Session.INFO: Session iniciada {"usuario":"root"} []
[2019-08-17 16:40:59] sessiones.NOTICE: Session finalizada {"Usuario":"root"} []
[2019-08-17 16:54:56] Session.INFO: Session iniciada {"usuario":"root"} []
[2019-08-17 16:54:58] sessiones.NOTICE: Session finalizada {"Usuario":"root"} []
[2019-08-17 18:44:32] Session.INFO: Session iniciada {"usuario":"root"} []
[2019-08-17 18:44:40] sessiones.NOTICE: Session finalizada {"Usuario":"root"} []
